0 info it worked if it ends with ok
1 verbose cli [ '/Users/birhoff/.nvm/versions/node/v6.6.0/bin/node',
1 verbose cli   '/Users/birhoff/.nvm/versions/node/v6.6.0/bin/npm',
1 verbose cli   'run',
1 verbose cli   'test' ]
2 info using npm@3.10.3
3 info using node@v6.6.0
4 verbose run-script [ 'pretest', 'test', 'posttest' ]
5 info lifecycle @bem/deps@0.2.2~pretest: @bem/deps@0.2.2
6 verbose lifecycle @bem/deps@0.2.2~pretest: unsafe-perm in lifecycle true
7 verbose lifecycle @bem/deps@0.2.2~pretest: PATH: /Users/birhoff/.nvm/versions/node/v6.6.0/lib/node_modules/npm/bin/node-gyp-bin:/Users/birhoff/develop/libs/bem-deps/node_modules/.bin:/Users/birhoff/.nvm/versions/node/v6.6.0/bin:bin:/Users/birhoff/.nvm/versions/node/v6.6.0/bin:/usr/local/bin:./node_modules/.bin:/usr/bin:/bin:/usr/sbin:/sbin:/usr/local/bin:/usr/local/munki
8 verbose lifecycle @bem/deps@0.2.2~pretest: CWD: /Users/birhoff/develop/libs/bem-deps
9 silly lifecycle @bem/deps@0.2.2~pretest: Args: [ '-c', 'npm run lint' ]
10 silly lifecycle @bem/deps@0.2.2~pretest: Returned: code: 0  signal: null
11 info lifecycle @bem/deps@0.2.2~test: @bem/deps@0.2.2
12 verbose lifecycle @bem/deps@0.2.2~test: unsafe-perm in lifecycle true
13 verbose lifecycle @bem/deps@0.2.2~test: PATH: /Users/birhoff/.nvm/versions/node/v6.6.0/lib/node_modules/npm/bin/node-gyp-bin:/Users/birhoff/develop/libs/bem-deps/node_modules/.bin:/Users/birhoff/.nvm/versions/node/v6.6.0/bin:bin:/Users/birhoff/.nvm/versions/node/v6.6.0/bin:/usr/local/bin:./node_modules/.bin:/usr/bin:/bin:/usr/sbin:/sbin:/usr/local/bin:/usr/local/munki
14 verbose lifecycle @bem/deps@0.2.2~test: CWD: /Users/birhoff/develop/libs/bem-deps
15 silly lifecycle @bem/deps@0.2.2~test: Args: [ '-c', 'nyc ava' ]
16 silly lifecycle @bem/deps@0.2.2~test: Returned: code: 1  signal: null
17 info lifecycle @bem/deps@0.2.2~test: Failed to exec test script
18 verbose stack Error: @bem/deps@0.2.2 test: `nyc ava`
18 verbose stack Exit status 1
18 verbose stack     at EventEmitter.<anonymous> (/Users/birhoff/.nvm/versions/node/v6.6.0/lib/node_modules/npm/lib/utils/lifecycle.js:242:16)
18 verbose stack     at emitTwo (events.js:106:13)
18 verbose stack     at EventEmitter.emit (events.js:191:7)
18 verbose stack     at ChildProcess.<anonymous> (/Users/birhoff/.nvm/versions/node/v6.6.0/lib/node_modules/npm/lib/utils/spawn.js:40:14)
18 verbose stack     at emitTwo (events.js:106:13)
18 verbose stack     at ChildProcess.emit (events.js:191:7)
18 verbose stack     at maybeClose (internal/child_process.js:877:16)
18 verbose stack     at Process.ChildProcess._handle.onexit (internal/child_process.js:226:5)
19 verbose pkgid @bem/deps@0.2.2
20 verbose cwd /Users/birhoff/develop/libs/bem-deps
21 error Darwin 16.1.0
22 error argv "/Users/birhoff/.nvm/versions/node/v6.6.0/bin/node" "/Users/birhoff/.nvm/versions/node/v6.6.0/bin/npm" "run" "test"
23 error node v6.6.0
24 error npm  v3.10.3
25 error code ELIFECYCLE
26 error @bem/deps@0.2.2 test: `nyc ava`
26 error Exit status 1
27 error Failed at the @bem/deps@0.2.2 test script 'nyc ava'.
27 error Make sure you have the latest version of node.js and npm installed.
27 error If you do, this is most likely a problem with the @bem/deps package,
27 error not with npm itself.
27 error Tell the author that this fails on your system:
27 error     nyc ava
27 error You can get information on how to open an issue for this project with:
27 error     npm bugs @bem/deps
27 error Or if that isn't available, you can get their info via:
27 error     npm owner ls @bem/deps
27 error There is likely additional logging output above.
28 verbose exit [ 1, true ]
